生成启动时间为 2017/6/9 20:54:37。
     1>项目“D:\大学文件\c++\StudentSystem\StudentSystem\StudentSystem.vcxproj”在节点 2 上(build 个目标)。
     1>InitializeBuildStatus:
         正在创建“Debug\StudentSystem.unsuccessfulbuild”，因为已指定“AlwaysCreate”。
       ClCompile:
         所有输出均为最新。
         e:\Program Files (x86)\Microsoft Visual Studio 10.0\VC\bin\CL.exe /c /ZI /nologo /W3 /WX- /Od /Oy- /D WIN32 /D _DEBUG /D _CONSOLE /D _UNICODE /D UNICODE /Gm /EHsc /RTC1 /MDd /GS /fp:precise /Zc:wchar_t /Zc:forScope /Yu"StdAfx.h" /Fp"Debug\StudentSystem.pch" /Fo"Debug\\" /Fd"Debug\vc100.pdb" /Gd /TP /analyze- /errorReport:prompt student.cpp
         student.cpp
       ManifestResourceCompile:
         所有输出均为最新。
       Link:
         e:\Program Files (x86)\Microsoft Visual Studio 10.0\VC\bin\link.exe /ERRORREPORT:PROMPT /OUT:"D:\大学文件\c++\StudentSystem\Debug\StudentSystem.exe" /INCREMENTAL /NOLOGO kernel32.lib user32.lib gdi32.lib winspool.lib comdlg32.lib advapi32.lib shell32.lib ole32.lib oleaut32.lib uuid.lib odbc32.lib odbccp32.lib /MANIFEST /ManifestFile:"Debug\StudentSystem.exe.intermediate.manifest" /MANIFESTUAC:"level='asInvoker' uiAccess='false'" /DEBUG /PDB:"D:\大学文件\c++\StudentSystem\Debug\StudentSystem.pdb" /SUBSYSTEM:CONSOLE /TLBID:1 /DYNAMICBASE /NXCOMPAT /IMPLIB:"D:\大学文件\c++\StudentSystem\Debug\StudentSystem.lib" /MACHINE:X86 Debug\StudentSystem.exe.embed.manifest.res
         Debug\stdafx.obj
         Debug\student.obj
         Debug\user.obj
       Manifest:
         C:\Program Files (x86)\Microsoft SDKs\Windows\v7.0A\bin\mt.exe /nologo /verbose /out:"Debug\StudentSystem.exe.embed.manifest" /manifest Debug\StudentSystem.exe.intermediate.manifest
         所有输出均为最新。
       LinkEmbedManifest:
         所有输出均为最新。
         StudentSystem.vcxproj -> D:\大学文件\c++\StudentSystem\Debug\StudentSystem.exe
       FinalizeBuildStatus:
         正在删除文件“Debug\StudentSystem.unsuccessfulbuild”。
         正在对“Debug\StudentSystem.lastbuildstate”执行 Touch 任务。
     1>已完成生成项目“D:\大学文件\c++\StudentSystem\StudentSystem\StudentSystem.vcxproj”(build 个目标)的操作。

生成成功。

已用时间 00:00:01.17
